========== fold: 0 training ==========
========== fold: 0 training ==========
========== fold: 0 training ==========
========== fold: 0 training ==========
========== fold: 0 training ==========
========== fold: 0 training ==========
Epoch 1 - Score: 26.5583
Epoch 1 - Save Best Score: 26.5583 Model
Epoch 2 - Score: 20.6957
Epoch 2 - Save Best Score: 20.6957 Model
Epoch 3 - Score: 20.2515
Epoch 3 - Save Best Score: 20.2515 Model
========== fold: 0 result ==========
Score: 20.2515
========== fold: 1 training ==========
Epoch 1 - Score: 26.2793
Epoch 1 - Save Best Score: 26.2793 Model
Epoch 2 - Score: 20.1067
Epoch 2 - Save Best Score: 20.1067 Model
Epoch 3 - Score: 19.8700
Epoch 3 - Save Best Score: 19.8700 Model
========== fold: 1 result ==========
Score: 19.8700
========== CV ==========
Score: 20.0616
===== Fold 0 =====
===== Fold 0 =====
train size : 4956  valid size : 4956
Dumping model with pickle... lightgbm_fold0.pkl
fold0 score: 18.97163
===== Fold 1 =====
train size : 4956  valid size : 4956
Dumping model with pickle... lightgbm_fold1.pkl
fold1 score: 18.72528
===== Fold 2 =====
===== Fold 0 =====
train size : 4956  valid size : 4956
Dumping model with pickle... lightgbm_fold0.pkl
fold0 score: 18.97163
===== Fold 1 =====
train size : 4956  valid size : 4956
Dumping model with pickle... lightgbm_fold1.pkl
fold1 score: 18.72528
CV score: 18.84886
CV: 18.84886
